Login: log/InvChange-best.log Mon 04/16/2018 @ 14:32:27.33
Login: log/InvChange-best.log Mon 04/16/2018 @ 15:02:41.85
Login: log/InvChange-best.log Mon 04/16/2018 @ 15:06:57.72
MedPresent: KCL 20 mEq in NSS 500ml  at 15:07:03.43
MedPresent: KCL 20 mEq in NSS 500ml  at 15:07:06.72
Login: log/InvChange-best.log Mon 04/16/2018 @ 15:08:01.20
MedPresent: KCL 20 mEq in NSS 500ml  at 15:08:03.55
MedPresent: KCL 20 mEq in NSS 500ml  at 15:08:05.36
Login: log/InvChange-best.log Mon 04/16/2018 @ 15:08:31.28
MedPresent: KCL 20 mEq in NSS 500ml  at 15:08:34.30
Login: log/InvChange-best.log Mon 04/16/2018 @ 15:08:46.30
MedPresent: KCL 20 mEq in NSS 500ml  at 15:08:48.83
Login: log/InvChange-best.log Mon 04/16/2018 @ 15:09:47.62
MedPresent: KCL 20 mEq in NSS 500ml  at 15:09:50.29
Login: log/InvChange-best.log Mon 04/16/2018 @ 15:10:21.71
MedPresent: KCL 20 mEq in NSS 500ml  at 15:10:24.64
MedPresent: KCL 20 mEq in NSS 500ml  at 15:10:29.27
Login: log/InvChange-best.log Mon 04/16/2018 @ 15:42:45.32
Login: log/InvChange-best.log Mon 04/16/2018 @ 15:54:22.61
Login: log/InvChange-best.log Wed 04/18/2018 @ 11:23:39.60
Login: log/InvChange-best.log Wed 04/18/2018 @ 14:35:57.29
MedPresent: acetaminophen 325mg  at 14:35:59.90
MedPresent: insulin 100u in NSS 100ml  at 14:45:00.34
MedPresent: insulin 100u in NSS 100ml  at 14:51:13.16
Login: log/InvChange-best.log Wed 04/18/2018 @ 15:03:54.40
Login: log/InvChange-best.log Wed 04/18/2018 @ 16:30:59.33
MedPresent: phenylephine 50mg in NSS 500ml  at 16:31:05.52
MedPresent: phenylephine 50mg in NSS 500ml  at 16:31:14.41
Login: log/InvChange-best.log Thu 04/19/2018 @ 13:22:47.25
MedPresent: Biscodyl  at 13:23:05.55
MedPresent: Biscodyl  at 13:23:10.07
MedPresent: 20% mannitol 50gm in NSS 50ml  at 13:23:19.23
MedPresent: acetaminophen 325mg  at 13:27:41.62
Login: log/InvChange-best.log Fri 04/20/2018 @ 11:37:13.71
