Administered to Andy Spree, insulin R 100 units per mL - INJECTION  at 10:55:57.83 Mon 02/24/2020
Dispensed to Andy Spree, insulin R 100 units per mL - INJECTION  at 10:51:53.67 Mon 02/24/2020
Dispensed to Andy Spree, insulin R 100 units per mL - INJECTION  at 10:51:42.77 Mon 02/24/2020
Dispensed to Chris Forrester, nitroglycerin 0.4 mg - TABLET  at  9:21:20.11 Mon 02/24/2020
Dispensed to Chris Forrester, aspirin 325 mg - TABLET  at  9:21:16.06 Mon 02/24/2020
Administered to Andy Spree, furosemide 20 mg - TABLET  at  9:15:08.32 Mon 02/24/2020
Administered to Andy Spree, furosemide 20 mg - TABLET  at  9:15:06.35 Mon 02/24/2020
Dispensed to juanita ibarra, furosemide 20 mg - TABLET  at  9:13:39.26 Mon 02/24/2020
Dispensed to juanita ibarra, furosemide 20 mg - TABLET  at  9:13:35.87 Mon 02/24/2020
Dispensed to Chris Forrester, nitroglycerin 0.4 mg - TABLET  at  8:59:50.57 Mon 02/24/2020
Dispensed to Chris Forrester, nitroglycerin 0.4 mg - TABLET  at  8:59:46.76 Mon 02/24/2020
Dispensed to Chris Forrester, nitroglycerin 0.4 mg - TABLET  at  8:59:42.39 Mon 02/24/2020
Administered to Adrian Shapiro, morphine sulfate 1 mg per mL inj  at 10:28:15.98 Mon 11/18/2019
Administered to Adrian Shapiro, aspirin 325 mg - TABLET  at 10:28:10.70 Mon 11/18/2019
Dispensed to Adrian Shapiro, NaCl 0.9% - 250 mL  at 10:24:34.10 Mon 11/18/2019
Dispensed to Adrian Shapiro, morphine sulfate 1 mg per mL inj  at 10:21:50.52 Mon 11/18/2019
Dispensed to Adrian Shapiro, aspirin 325 mg - TABLET  at 10:21:45.49 Mon 11/18/2019
Administered to Adrian Shapiro, nitroglycerin 0.4 mg - TABLET  at 10:18:21.59 Mon 11/18/2019
Dispensed to Adrian Shapiro, aspirin 81 mg - TABLET  at 10:17:12.43 Mon 11/18/2019
Dispensed to Adrian Shapiro,  at 10:17:07.10 Mon 11/18/2019
Dispensed to Adrian Shapiro, nitroglycerin 0.4 mg - TABLET  at 10:16:54.24 Mon 11/18/2019
Dispensed to Adrian Shapiro, hydroCHLOROthiazide 12.5 mg - CAPSULE  at 10:16:49.75 Mon 11/18/2019
Dispensed to Adrian Shapiro, hydroCHLOROthiazide 12.5 mg - CAPSULE  at 10:16:45.13 Mon 11/18/2019
