Dispensed to Jada Scott, ARIPiprazole 10 mg tab  at  9:01:54.39 Fri 08/30/2019
Dispensed to Jada Scott, asprin 81 mg tab  at  9:01:48.43 Fri 08/30/2019
Dispensed to Jada Scott, asprin 325 mg tab  at  9:01:41.21 Fri 08/30/2019
Dispensed to Jada Scott, KCl 20 mEq in 0.9% NaCl 500 mL  at  9:01:13.82 Fri 08/30/2019
Dispensed to Jada Scott, cefotaxime 2 g  at 15:28:02.17 Thu 08/29/2019
Dispensed to Jada Scott, cefotaxime 2 g/50 mL  at 15:21:07.86 Thu 08/29/2019
Dispensed to Jada Scott, acetaminophen 325 mg - SUPPOSITORY  at 15:03:22.15 Thu 08/29/2019
Dispensed to Jada Scott, insulin R 100 units per mL  at 14:23:57.89 Thu 08/29/2019
Dispensed to Jada Scott, D5 Â« NSS w/ 20mEq KCL  at 14:16:48.28 Thu 08/29/2019
Dispensed to Jada Scott, D5 Â« NSS w/ 20mEq KCL  at 14:08:32.87 Thu 08/29/2019
Dispensed to Marshal Ericson, ampicillin sodium 100 mg per mL - INJECTIONC0NF1RM  at 11:14:21.84 Wed 08/28/2019
Dispensed to Jada Scott, dexamethazone 4mg/ml inj  at 10:51:43.02 Wed 08/28/2019
Dispensed to Jada Scott, dexamethasone 4 mg per mL  at 10:51:36.62 Wed 08/28/2019
Dispensed to Jada Scott, dexamethasone 4 mg per mL  at 10:51:30.10 Wed 08/28/2019
Dispensed to Jada Scott, diazePAM 5 mg per mL  at 10:29:27.72 Wed 08/28/2019
Dispensed to Jada Scott, cefotaxime 2 g  at 10:29:20.45 Wed 08/28/2019
Dispensed to Jada Scott, dexamethasone 4 mg per mL  at 10:29:12.74 Wed 08/28/2019
Dispensed to Jada Scott, dexamethasone 4 mg per mL  at  9:58:06.96 Wed 08/28/2019
Dispensed to Jada Scott, cefotaxime 2 g  at  9:57:59.07 Wed 08/28/2019
Dispensed to Jada Scott, diazePAM 5 mg per mL  at  9:57:45.90 Wed 08/28/2019
Dispensed to Marshal Ericson, Marshal Ericson  at  9:36:33.85 Wed 08/28/2019
Dispensed to Marshal Ericson, Marshal Ericson  at  9:33:57.61 Wed 08/28/2019
Dispensed to Marshal Ericson, insulin R 100 units per mL  at  9:31:01.36 Wed 08/28/2019
Dispensed to Marshal Ericson, insulin R 100 units per mL  at  9:30:57.96 Wed 08/28/2019
Dispensed to Marshal Ericson, insulin R 100 units per mL  at  9:30:51.94 Wed 08/28/2019
Dispensed to Marshal Ericson, insulin R 100 units per mL  at  9:30:47.31 Wed 08/28/2019
Dispensed to Marshal Ericson, insulin R 100 units per mL  at  9:30:40.22 Wed 08/28/2019
Dispensed to Marshal Ericson,  at 13:24:24.92 Wed 08/21/2019
Dispensed to Marshal Ericson, dilTIAZem 240 mg at 13:23:48.34 Wed 08/21/2019
Dispensed to Marshal Ericson, dilTIAZem at 13:22:53.51 Wed 08/21/2019
Dispensed to Henry Williams, Marshal Ericson  at 15:42:16.17 Thu 08/15/2019
Dispensed to Marshal Ericson, Morphine Sulfate 1mg/ml  at 16:37:50.70 Fri 06/21/2019
Dispensed to Marshal Ericson, Morphine Sulfate 100mg  at 16:37:35.40 Fri 06/21/2019
Dispensed to Marshal Ericson, Morphine Sulfate 100mg  at 16:37:29.30 Fri 06/21/2019
Dispensed to Marshal Ericson, levofloxacin 500mg in 100ml NSS  at 14:43:40.03 Fri 06/21/2019
Dispensed to Marshal Ericson, levofloxacin 500mg in 100ml NSS  at 14:43:01.96 Fri 06/21/2019
Administered to Marshal Ericson, D5 « NSS w/ 20mEq KCL  at  9:15:06.64 Fri 06/21/2019
Dispensed to Marshal Ericson, lisinopril 25mg tab  at 14:36:16.86 Thu 06/20/2019
Dispensed to Marshal Ericson, levofloxacin 500mg in 100ml NSS  at 11:26:51.74 Mon 06/17/2019
Dispensed to Marshal Ericson, levofloxacin 500mg in 100ml NSS  at 11:26:07.67 Mon 06/17/2019
Administered to Marco Sorrells, cefotaxime 2 gm/50 mL  at 13:32:11.76 Thu 06/13/2019
Dispensed to Marco Sorrells, acetaminophen 650mg  at 13:30:56.43 Thu 06/13/2019
Dispensed to Marco Sorrells, acetaminophen 650mg  at 13:30:50.03 Thu 06/13/2019
Dispensed to Marco Sorrells, acetaminophen  at 13:30:47.00 Thu 06/13/2019
Dispensed to Marco Sorrells, 24658119 at 13:23:35.54 Thu 06/13/2019
Dispensed to Marco Sorrells, dexamethazone 4mg/ml inj  at 13:23:17.49 Thu 06/13/2019
Dispensed to Marco Sorrells, dexamethazone 4mg/ml inj  at 13:23:13.99 Thu 06/13/2019
Dispensed to Marco Sorrells, 10001332 at 13:22:44.49 Thu 06/13/2019
Dispensed to Marco Sorrells, 10001332 at 13:21:31.10 Thu 06/13/2019
Dispensed to Marco Sorrells, cefotaxime 2 gm/50 mL  at 13:20:49.43 Thu 06/13/2019
