Dispensed to Chris Forrester, morphine sulfate 1 mg per mL - SOLUTION  at 10:27:47.85 Mon 02/24/2020
Dispensed to Chris Forrester, aspirin 325 mg - TABLET  at 10:17:52.18 Mon 02/24/2020
Administered to Andy Spree, furosemide 20 mg - TABLET  at 10:07:22.35 Mon 02/24/2020
Administered to Andy Spree, furosemide 20 mg - TABLET  at 10:07:16.22 Mon 02/24/2020
Dispensed to juanita ibarra, furosemide 20 mg - TABLET  at 10:05:07.45 Mon 02/24/2020
Dispensed to juanita ibarra, furosemide 20 mg - TABLET  at 10:05:04.33 Mon 02/24/2020
Administered to Andy Spree, MedID238 at 10:01:52.26 Mon 02/24/2020
Administered to Andy Spree, insulin R 100 units per mL - INJECTION  at 10:01:30.45 Mon 02/24/2020
Dispensed to Chris Forrester, nitroglycerin 0.4 mg - TABLET  at  9:57:45.36 Mon 02/24/2020
Dispensed to Andy Spree, insulin R 100 units per mL - INJECTION  at  9:53:25.03 Mon 02/24/2020
Dispensed to Chris Forrester, nitroglycerin 0.4 mg - TABLET  at  7:56:00.53 Mon 02/24/2020
Dispensed to Chris Forrester, nitroglycerin 0.4 mg - TABLET  at  7:54:01.93 Mon 02/24/2020
Dispensed to Chris Forrester, nitroglycerin 0.4 mg - TABLET  at  7:51:12.58 Mon 02/24/2020
Dispensed to Chris Forrester, nitroglycerin 0.4 mg - TABLET  at  7:51:08.40 Mon 02/24/2020
Dispensed to juanita ibarra, furosemide 20 mg - TABLET  at  7:49:03.40 Mon 02/24/2020
Dispensed to juanita ibarra, furosemide 20 mg - TABLET  at  7:49:00.34 Mon 02/24/2020
Dispensed to Sherman Yoder, 1 at 11:41:37.69 Fri 09/27/2019
Dispensed to Julia Morales, docusate sodium 10 mg - CAPSULE  at 14:19:27.60 Thu 09/26/2019
Dispensed to Julia Morales, morphine sulfate 100 mg - TABLET  at 14:19:06.16 Thu 09/26/2019
Dispensed to Julia Morales, 00280210020 at 14:18:37.16 Thu 09/26/2019
Dispensed to Julia Morales, morphine sulfate 100 mg - TABLET  at 14:04:31.66 Thu 09/26/2019
Dispensed to Julia Morales, docusate sodium 10 mg - CAPSULE  at 14:03:59.49 Thu 09/26/2019
