Administered to Jacob Zook, mannitol at 13:36:40.39 Fri 11/08/2019
Administered to Jacob Zook, 3141592653589 at 12:29:36.86 Thu 11/07/2019
Administered to Jacob Zook, 3141592653589 at 10:51:16.80 Thu 11/07/2019
Administered to Jacob Zook, 3141592653589 at 10:50:54.08 Thu 11/07/2019
Administered to Jacob Zook, 3141592653589 at 10:50:35.55 Thu 11/07/2019
Administered to Jacob Zook, 3141592653589 at 10:38:42.16 Thu 11/07/2019
Administered to Jacob Zook, 3141592653589 at 10:30:20.89 Thu 11/07/2019
Administered to Jacob Zook, acetaminophen at 10:16:33.17 Thu 11/07/2019
Administered to Jacob Zook, 00904656604 at 10:15:09.52 Thu 11/07/2019
Administered to Jacob Zook,  at 10:14:47.56 Thu 11/07/2019
Administered to Jacob Zook, fentanyl IV PUSH at 10:59:02.92 Wed 11/06/2019
Administered to Jacob Zook, dc at 10:57:32.58 Wed 11/06/2019
Administered to Jacob Zook, nimodipine at 10:45:48.01 Wed 11/06/2019
Administered to Jacob Zook, diphenhyrdamine at 10:45:24.95 Wed 11/06/2019
Dispensed to Jacob Zook, acetaminophen 650 mg - TABLET  at 10:42:23.12 Wed 11/06/2019
Dispensed to Jacob Zook, acetaminophen 650 mg - TABLET  at 10:42:17.55 Wed 11/06/2019
Dispensed to Jacob Zook, niMODipine 30 mg - CAPSULE  at 10:42:16.33 Wed 11/06/2019
Dispensed to Jacob Zook, niMODipine 30 mg - CAPSULE  at 10:42:14.90 Wed 11/06/2019
Dispensed to Jacob Zook, docusate sodium 10 mg - CAPSULE  at 10:42:13.50 Wed 11/06/2019
Dispensed to Jacob Zook, levETIRAcetam 500 mg per 50 mL - SOLUTION  at 10:42:08.49 Wed 11/06/2019
Dispensed to Chris Forrester, nitroglycerin 0.4mg tab  at  9:55:13.42 Mon 09/30/2019
Dispensed to Chris Forrester, aspirin 325 mg - TABLET  at  9:54:49.89 Mon 09/30/2019
Dispensed to Chris Forrester, aspirin 325 mg - TABLET  at  9:54:33.67 Mon 09/30/2019
