Dispensed to Jacob Zook, phenylephrine hydrochloride 50 mg in 500 mL - SOLUTION  at 10:49:21.48 Thu 11/07/2019
Dispensed to Jacob Zook, mannitol 20% 50 g in 50 mL - SOLUTION  at 10:35:00.05 Thu 11/07/2019
Dispensed to Jacob Zook, fentaNYL 50 mcg per mL - SOLUTION  at 10:08:24.35 Thu 11/07/2019
Dispensed to Jacob Zook, niMODipine 30 mg - CAPSULE  at 10:07:39.50 Thu 11/07/2019
Dispensed to Jacob Zook, niMODipine 30 mg - CAPSULE  at 10:07:36.51 Thu 11/07/2019
Dispensed to Jacob Zook, levETIRAcetam 500 mg per 50 mL - SOLUTION  at 10:07:04.85 Thu 11/07/2019
Dispensed to Jacob Zook, levETIRAcetam 500 mg per 50 mL - SOLUTION  at 10:07:01.05 Thu 11/07/2019
Administered to Chris Forrester,  at 10:10:51.79 Wed 10/02/2019
Administered to Chris Forrester, nitroglycerin 0.4mg tab  at  9:50:51.67 Wed 10/02/2019
Administered to Chris Forrester,  at  9:44:59.02 Wed 10/02/2019
Administered to Chris Forrester, nitroglycerin 0.4mg tab  at  9:43:50.46 Wed 10/02/2019
Administered to Chris Forrester, nitroglycerin 0.4mg tab  at  9:43:46.68 Wed 10/02/2019
Administered to Chris Forrester, nitroglycerin 0.4mg tab  at  9:36:40.73 Wed 10/02/2019
Administered to Chris Forrester, nitroglycerin 0.4mg tab  at  9:36:32.07 Wed 10/02/2019
Administered to Chris Forrester,  at  9:36:25.24 Wed 10/02/2019
Administered to Chris Forrester, nitroglycerin 0.4mg tab  at  9:35:34.60 Wed 10/02/2019
Administered to Chris Forrester, nitroglycerin 0.4mg tab  at  9:35:17.15 Wed 10/02/2019
Administered to Chris Forrester, nitroglycerin 0.4mg tab  at  9:35:13.82 Wed 10/02/2019
Administered to Chris Forrester, nitroglycerin 0.4mg tab  at  9:34:52.90 Wed 10/02/2019
Administered to Chris Forrester, nitroglycerin 0.4mg tab  at  8:40:31.95 Wed 10/02/2019
Dispensed to Chris Forrester, nitroglycerin 0.4mg tab  at  8:37:40.60 Wed 10/02/2019
