Administered to Jennifer Applebaum, ferrous sulfate 325 mg - TABLET  at  8:41:16.08 Tue 03/03/2020
Dispensed to Jennifer Applebaum, ferrous sulfate 325 mg - TABLET  at  8:40:06.85 Tue 03/03/2020
Administered to Jennifer Applebaum, ibuprofen 200 mg - TABLET  at  8:37:58.68 Tue 03/03/2020
Administered to Jennifer Applebaum, ibuprofen 200 mg - TABLET  at  8:37:56.71 Tue 03/03/2020
Administered to Jennifer Applebaum, ibuprofen 200 mg - TABLET  at  8:37:53.98 Tue 03/03/2020
Administered to Jennifer Applebaum, ibuprofen 200 mg - TABLET  at  8:37:10.02 Tue 03/03/2020
Dispensed to Jennifer Applebaum, ibuprofen 200 mg - TABLET  at  8:35:47.70 Tue 03/03/2020
Dispensed to Jennifer Applebaum, ibuprofen 200 mg - TABLET  at  8:35:45.05 Tue 03/03/2020
Dispensed to Jennifer Applebaum, ibuprofen 200 mg - TABLET  at  8:35:41.74 Tue 03/03/2020
Dispensed to Jennifer Applebaum, ferrous sulfate 325 mg - TABLET  at  8:21:47.94 Tue 03/03/2020
Administered to Chris Forrester, nitroglycerin 0.4 mg - TABLET  at 13:23:20.34 Mon 02/24/2020
Dispensed to Chris Forrester, nitroglycerin 0.4 mg - TABLET  at 13:20:57.73 Mon 02/24/2020
Administered to Andy Spree, insulin aspart (Novolog) 100 units per mL - INJECTION  at 13:15:47.48 Mon 02/24/2020
Dispensed to Chris Forrester, furosemide 20 mg - TABLET  at 13:13:57.06 Mon 02/24/2020
Dispensed to Chris Forrester, furosemide 20 mg - TABLET  at 13:13:55.20 Mon 02/24/2020
Administered to Chris Forrester,  at 13:12:02.10 Mon 02/24/2020
Administered to Chris Forrester, nitroglycerin 0.4 mg - TABLET  at 13:07:52.80 Mon 02/24/2020
Administered to Chris Forrester,  at 13:07:16.77 Mon 02/24/2020
Dispensed to Chris Forrester, nitroglycerin 0.4 mg - TABLET  at 13:06:20.63 Mon 02/24/2020
Administered to Chris Forrester, nitroglycerin 0.4 mg - TABLET  at 12:59:26.84 Mon 02/24/2020
Administered to Chris Forrester, aspirin 325 mg - TABLET  at 12:59:04.02 Mon 02/24/2020
Administered to Chris Forrester, acetaminophen 325 mg - TABLET  at 12:56:39.68 Mon 02/24/2020
Administered to Chris Forrester, nitroglycerin 0.4 mg - TABLET  at 12:56:29.86 Mon 02/24/2020
Dispensed to Chris Forrester, nitroglycerin 0.4 mg - TABLET  at 12:55:20.58 Mon 02/24/2020
Dispensed to Chris Forrester, acetaminophen 325 mg - TABLET  at 12:55:16.10 Mon 02/24/2020
