=================================================== 
OPEN-PATIENT:Nick Best  at 13:57:19.59
DISPENSEDMED: nimodipine 30 mg tablets  at 13:57:30.20
DISPENSEDMED: nimodipine 30 mg tablets  at 13:57:37.90
=================================================== 
OPEN-PATIENT:Nick Best  at 13:57:58.70
ERROR-NOCODE:b, fdsa
ERROR-NOCODE:b, asdf
ERROR-NOCODE:rewq, fdsa
=================================================== 
OPEN-PATIENT:Nick Best  at 14:01:36.88
ERROR-NOCODE:b, iukjgkj
ERROR-NOCODE:b, sdfgjgfds
=================================================== 
OPEN-PATIENT:Nick Best  at 14:03:34.30
ERROR-NOCODE:b, asdgd
=================================================== 
OPEN-PATIENT:Nick Best  at 14:14:30.81
=================================================== 
OPEN-PATIENT:Nick Best  at 14:19:15.09
DISPENSEDMED: nimodipine 30 mg tablets  at 14:19:21.83
DISPENSEDMED: nimodipine 30 mg tablets  at 14:19:31.91
ERROR-NOCODE:fdas, fds
