students/ndbest.log Wed 08/01/2018 @ 11:42:25.22
OPEN FILE: Nick Best  at 11:42:30.11
ERROR-NOBARCODE:b, candy
students/ndbest.log Wed 08/01/2018 @ 13:03:29.47
OPEN FILE: Nick Best  at 13:03:35.35
ERROR-NOBARCODE:fdsa, a
Dispensed: nimodipine 30 mg tablets  at 13:04:13.73
students/ndbest.log Wed 08/01/2018 @ 13:07:54.51
OPEN FILE: Nick Best  at 13:08:14.79
Dispensed: nimodipine 30 mg tablets  at 13:08:38.40
students/ndbest.log Wed 08/01/2018 @ 13:27:10.40
OPEN FILE: Nick Best  at 13:27:17.25
students/ndbest.log Wed 08/01/2018 @ 13:32:24.06
OPEN FILE: Nick Best  at 13:32:24.84
"-----"
=================================================== 
OPEN-PATIENT:Nick Best  at  8:55:52.92
DISPENSEDMED: nimodipine 30 mg tablets  at  8:56:04.30
DISPENSEDMED: Primary Tubing  at  8:56:08.34
DISPENSEDMED: NaCl 0.9% - 500 mL  at  8:56:11.38
DISPENSEDMED: NaCl 0.9% - 500 mL  at  8:56:12.31
DISPENSEDMED: NaCl 0.9% - 500 mL  at  8:56:13.10
=================================================== 
OPEN-PATIENT:Nick Best  at  9:09:33.59
DISPENSEDMED: nimodipine 30 mg tablets  at  9:09:45.05
DISPENSEDMED: NaCl 0.9% - 500 mL  at  9:09:47.14
DISPENSEDMED: Primary Tubing  at  9:09:50.95
DISPENSEDMED: Primary Tubing  at  9:09:51.69
