Administered to Jacob Zook, niMODipine 30 mg - CAPSULE  at  9:00:45.53 Wed 10/21/2020
Administered to Jacob Zook, niMODipine 30 mg - CAPSULE  at  9:00:43.40 Wed 10/21/2020
Administered to William Edwards, glipiZIDE 5 mg - TABLET  at 10:45:23.00 Tue 10/20/2020
Dispensed to Marshal Ericson, KCl 20 mEq in 5% Dextrose and 0.45% NaCl 50 mL - SOLUTION  at 12:20:08.45 Fri 10/16/2020
Dispensed to Marshal Ericson, testest at  8:06:08.40 Mon 01/27/2020
Dispensed to Marshal Ericson, fentaNYL 50mcg - PATCH  at 14:54:35.22 Thu 11/07/2019
Dispensed to Marshal Ericson, lisinopril 10 mg - TABLET  at  8:42:24.38 Sat 11/02/2019
Dispensed to Marshal Ericson, lisinopril 5 mg - TABLET  at  8:42:21.97 Sat 11/02/2019
Dispensed to Marshal Ericson, predniSONE 10 mg TABLET  at  8:42:19.27 Sat 11/02/2019
Dispensed to Marshal Ericson, metoprolol 50 mg TABLET  at  8:42:15.62 Sat 11/02/2019
Dispensed to Marshal Ericson, levoFLOXacin 750mg TABLET  at  8:42:11.23 Sat 11/02/2019
Dispensed to Marshal Ericson, aspirin 81 mg - TABLET  at  8:42:07.44 Sat 11/02/2019
Dispensed to Marshal Ericson, fluticasone/salmeterol 500/50 mcg - INHALER  at  8:09:33.55 Sat 11/02/2019
Dispensed to Marshal Ericson, fluticasone/salmeterol 250/50 mcg - DPI  at  8:09:22.65 Sat 11/02/2019
Dispensed to Marshal Ericson, prednisone 10mg  at  8:09:16.15 Sat 11/02/2019
Dispensed to Marshal Ericson, lisinopril 5 mg - TABLET  at  8:09:04.07 Sat 11/02/2019
Dispensed to Marshal Ericson, benztropine 1 mg - TABLET  at  8:14:06.98 Thu 10/31/2019
Dispensed to Henry Williams, Prevnar 13 .5mL  at 12:59:21.68 Tue 10/29/2019
Dispensed to Henry Williams, Dextrose 5% 1000 mL  at 12:58:58.72 Tue 10/29/2019
Administered to Jacob Johnson, baclophen 20 mg tablet  at 14:54:33.79 Tue 10/22/2019
Administered to Jacob Johnson, acetaminophen 650 mg - TABLET  at 14:54:31.37 Tue 10/22/2019
Administered to Jada Scott, Milk of Magnesia 30ml  at 14:23:46.47 Tue 10/22/2019
Administered to Jacob Johnson, testest  at 16:54:52.01 Mon 10/14/2019
Administered to Jacob Johnson, brown paint at 16:54:44.78 Mon 10/14/2019
Dispensed to Marshal Ericson, enoxaparin sodium 40 mg in 0.4 mL - INJECTION  at 15:10:51.64 Tue 10/01/2019
Dispensed to Marshal Ericson, LABETALOL 5MG/ML  at 14:57:15.33 Tue 09/24/2019
Dispensed to Marshal Ericson, LABETALOL 5MG/ML  at 14:57:13.60 Tue 09/24/2019
Dispensed to Marshal Ericson, LABETALOL 5MG/ML  at 14:57:09.70 Tue 09/24/2019
Administered to Marshal Ericson, dsfa at 10:27:57.47 Tue 09/24/2019
Dispensed to Marshal Ericson, ARIPiprazole 10mg tab  at  9:42:33.08 Wed 08/28/2019
Dispensed to Marshal Ericson, Insulin NPH 100U/ml  at  9:42:03.02 Wed 08/28/2019
Dispensed to Marshal Ericson, Insulin NPH 100U/ml  at  9:41:48.76 Wed 08/28/2019
Dispensed to Marshal Ericson, a drug at 14:19:13.62 Tue 08/27/2019
Dispensed to Marshal Ericson, amissingdrug at 14:18:49.26 Tue 08/27/2019
Dispensed to Marshal Ericson, stufffff at 14:17:37.03 Tue 08/27/2019
Dispensed to Marshal Ericson, f at 14:13:29.53 Tue 08/27/2019
Dispensed to Marshal Ericson, nicks at 14:12:14.65 Tue 08/27/2019
Administered to Jada Scott, qwertyuio at 14:05:38.16 Tue 08/27/2019
Administered to Jada Scott, asdfghjk at 14:05:10.98 Tue 08/27/2019
Dispensed to Marshal Ericson, testvitamin at 13:43:34.54 Tue 08/27/2019
Dispensed to Marshal Ericson, Multivitamin tab  at 13:43:19.97 Tue 08/27/2019
Dispensed to Marshal Ericson, Multivitamin tab  at 13:43:17.33 Tue 08/27/2019
Dispensed to Marshal Ericson, multivit at 13:43:01.39 Tue 08/27/2019
Dispensed to Marshal Ericson, nothingimport at 14:11:59.78 Wed 07/31/2019
Dispensed to Marshal Ericson, Flush Syringe 10ml  at 15:52:12.30 Wed 06/19/2019
Dispensed to Marshal Ericson, Flush Syringe 10ml  at 15:52:08.06 Wed 06/19/2019
Dispensed to Marshal Ericson, NaCl 0.9% - 1000 mL  at 15:51:44.63 Wed 06/19/2019
Dispensed to Marshal Ericson, NaCl 0.9% - 1000 mL  at 15:51:43.29 Wed 06/19/2019
Dispensed to Marshal Ericson, lisinopril 10mg tab  at 15:51:40.90 Wed 06/19/2019
Dispensed to Marshal Ericson, lisinopril 10mg tab  at 15:51:38.61 Wed 06/19/2019
Dispensed to Marshal Ericson, lisinopril 10mg tab  at 15:51:36.33 Wed 06/19/2019
