Administered to Henry Williams, lisinopril 10 mg - TABLET  at 10:20:17.57 Wed 10/30/2019
Administered to Henry Williams, lisinopril 10 mg - TABLET  at 10:20:10.65 Wed 10/30/2019
Administered to Henry Williams, aspirin 81 mg - TABLET  at 10:20:04.26 Wed 10/30/2019
Administered to Henry Williams, 3141592653589 at 10:19:59.41 Wed 10/30/2019
Administered to Henry Williams, metoprolol 25 mg - TABLET  at 10:19:23.05 Wed 10/30/2019
Administered to Henry Williams, metoprolol 25 mg - TABLET  at 10:19:19.78 Wed 10/30/2019
Administered to Henry Williams, prednisone 10mg  at 10:18:00.60 Wed 10/30/2019
Administered to Henry Williams, prednisone 10mg  at 10:17:58.44 Wed 10/30/2019
Administered to Henry Williams, prednisone 10mg  at 10:17:55.33 Wed 10/30/2019
Administered to Henry Williams, prednisone 10mg  at 10:17:51.22 Wed 10/30/2019
Administered to Henry Williams, fluticasone/salmeterol 250 mcg/50 mcg  at 10:14:48.98 Wed 10/30/2019
Dispensed to Henry Williams, 00143977505 at 10:11:31.82 Wed 10/30/2019
Dispensed to Henry Williams, 00143977505 at 10:11:16.00 Wed 10/30/2019
Dispensed to Henry Williams, aspirin 81 mg - TABLET  at 10:09:53.00 Wed 10/30/2019
Dispensed to Henry Williams, metoprolol 25 mg - TABLET  at 10:08:54.88 Wed 10/30/2019
Dispensed to Henry Williams, metoprolol 25 mg - TABLET  at 10:08:52.10 Wed 10/30/2019
Dispensed to Henry Williams, lisinopril 10 mg - TABLET  at 10:08:04.91 Wed 10/30/2019
Dispensed to Henry Williams, lisinopril 10 mg - TABLET  at 10:07:59.92 Wed 10/30/2019
Dispensed to Henry Williams, Albuterol at 10:06:50.36 Wed 10/30/2019
Dispensed to Henry Williams, fluticasone/salmeterol 250 mcg/50 mcg  at 10:02:58.24 Wed 10/30/2019
Dispensed to Henry Williams, prednisone 10mg  at  9:58:37.83 Wed 10/30/2019
Dispensed to Henry Williams, prednisone 10mg  at  9:58:34.66 Wed 10/30/2019
Dispensed to Henry Williams, prednisone 10mg  at  9:58:11.04 Wed 10/30/2019
Dispensed to Henry Williams, prednisone 10mg  at  9:57:41.46 Wed 10/30/2019
