Administered to Michael Stipe, fluticasone/salmeterol 500/50 mcg - INHALER  at 10:07:01.92 Fri 11/08/2019
Administered to Michael Stipe, metoprolol 25 mg - TABLET  at 10:05:41.46 Fri 11/08/2019
Administered to Michael Stipe, metoprolol 25 mg - TABLET  at 10:05:38.50 Fri 11/08/2019
Administered to Michael Stipe, lisinopril 10 mg - TABLET  at 10:05:21.25 Fri 11/08/2019
Administered to Michael Stipe, lisinopril 10 mg - TABLET  at 10:05:17.57 Fri 11/08/2019
Administered to Michael Stipe, prednisone 10mg  at 10:04:57.62 Fri 11/08/2019
Administered to Michael Stipe, prednisone 10mg  at 10:04:55.49 Fri 11/08/2019
Administered to Michael Stipe, prednisone 10mg  at 10:04:54.14 Fri 11/08/2019
Administered to Michael Stipe, prednisone 10mg  at 10:04:52.85 Fri 11/08/2019
Administered to Michael Stipe, aspirin 81 mg - TABLET  at 10:04:17.08 Fri 11/08/2019
Dispensed to Michael Stipe, fluticasone/salmeterol 500/50 mcg - INHALER  at  9:58:20.59 Fri 11/08/2019
Dispensed to Michael Stipe, metoprolol 25 mg - TABLET  at  9:55:27.43 Fri 11/08/2019
Dispensed to Michael Stipe, metoprolol 25 mg - TABLET  at  9:55:24.34 Fri 11/08/2019
Dispensed to Michael Stipe, lisinopril 10 mg - TABLET  at  9:55:03.37 Fri 11/08/2019
Dispensed to Michael Stipe, lisinopril 10 mg - TABLET  at  9:54:58.30 Fri 11/08/2019
Dispensed to Michael Stipe, aspirin 81 mg - TABLET  at  9:53:04.10 Fri 11/08/2019
Dispensed to Michael Stipe, prednisone 10mg  at  9:52:39.20 Fri 11/08/2019
Dispensed to Michael Stipe, prednisone 10mg  at  9:52:36.67 Fri 11/08/2019
Dispensed to Michael Stipe, prednisone 10mg  at  9:52:33.63 Fri 11/08/2019
Dispensed to Michael Stipe, prednisone 10mg  at  9:52:21.62 Fri 11/08/2019
