Administered to Henry Williams, aspirin 81 mg - TABLET  at 14:43:00.49 Sat 11/02/2019
Administered to Henry Williams, lisinopril 10 mg - TABLET  at 14:42:55.29 Sat 11/02/2019
Administered to Henry Williams, lisinopril 10 mg - TABLET  at 14:42:53.63 Sat 11/02/2019
Administered to Henry Williams, predniSONE 10 mg TABLET  at 14:42:48.71 Sat 11/02/2019
Administered to Henry Williams, predniSONE 10 mg TABLET  at 14:42:47.01 Sat 11/02/2019
Administered to Henry Williams, predniSONE 10 mg TABLET  at 14:42:45.66 Sat 11/02/2019
Administered to Henry Williams, metoprolol 25 mg - TABLET  at 14:42:37.13 Sat 11/02/2019
Administered to Henry Williams, predniSONE 10 mg TABLET  at 14:42:20.33 Sat 11/02/2019
Administered to Henry Williams, metoprolol 25 mg - TABLET  at 14:42:17.08 Sat 11/02/2019
Administered to Henry Williams, levoFLOXacin 750mg TABLET  at 14:41:06.35 Sat 11/02/2019
Administered to Henry Williams, Prevnar 13 .5mL  at 14:40:37.62 Sat 11/02/2019
Administered to Henry Williams, fluticasone/salmeterol 250/50 mcg - DPI  at 14:40:29.58 Sat 11/02/2019
Dispensed to Henry Williams, fluticasone/salmeterol 250/50 mcg - DPI  at 14:35:17.12 Sat 11/02/2019
Dispensed to Henry Williams, levoFLOXacin at 14:34:19.85 Sat 11/02/2019
Dispensed to Henry Williams, Prevnar 13 .5mL  at 14:33:52.22 Sat 11/02/2019
Dispensed to Henry Williams, levoFLOXacin at 14:33:44.92 Sat 11/02/2019
Dispensed to Henry Williams, levoFLOXacin 750mg TABLET  at 14:33:13.11 Sat 11/02/2019
Dispensed to Henry Williams, aspirin 81 mg - TABLET  at 14:32:38.56 Sat 11/02/2019
Dispensed to Henry Williams, metoprolol 25 mg - TABLET  at 14:32:22.91 Sat 11/02/2019
Dispensed to Henry Williams, metoprolol 25 mg - TABLET  at 14:32:19.93 Sat 11/02/2019
Dispensed to Henry Williams, lisinopril 10 mg - TABLET  at 14:32:13.32 Sat 11/02/2019
Dispensed to Henry Williams, lisinopril 10 mg - TABLET  at 14:32:10.29 Sat 11/02/2019
Dispensed to Henry Williams, predniSONE 10 mg TABLET  at 14:32:02.46 Sat 11/02/2019
Dispensed to Henry Williams, predniSONE 10 mg TABLET  at 14:31:59.74 Sat 11/02/2019
Dispensed to Henry Williams, predniSONE 10 mg TABLET  at 14:31:56.73 Sat 11/02/2019
Dispensed to Henry Williams, predniSONE 10 mg TABLET  at 14:31:52.60 Sat 11/02/2019
